Exporter version: 6.4.5, Blender version: 2.83.2
========= Conversion from Blender to Babylon.js =========
	Scene settings used :
		Inline textures     :  false
		Material Type       :  PBR
		Positions Precision :  4
		Normals Precision   :  3
		UVs Precision       :  3
		Vert Color Precision:  3
		Mat Weight Precision:  2
		Keep Z-up r-handed  :  no
		Texture directory   :  /Users/seanswanson/Documents/DEV/boomland-arenas/src/assets/
	Python World class constructor completed
	WARNING: No active camera has been assigned, or is not in a currently selected Blender layer
	processing begun of mesh:  Text
		processing begun of material:  Material.001
		num positions      :  42000
		num normals        :  42000
		num tangents       :  0
		num uvs            :  84000
		num uvs2           :  0
		num colors         :  0
		num triangles      :  70384
		WARNING: # of 0 area faces found:  4
========= Writing of JSON file started =========
	writing mesh:  Text
========= Writing of JSON file completed =========
========= end of processing =========
elapsed time:  0 min, 4.3622 secs
